  add.c
test_2_9.obj : error LNK2019: 无法解析的外部符号 Add，函数 main 中引用了该符号
C:\code\C_code\test_2_9\x64\Debug\test_2_9.exe : fatal error LNK1120: 1 个无法解析的外部命令
