  test.c
  test1.c
  正在生成代码...
test1.obj : error LNK2005: main 已经在 test.obj 中定义
C:\code\C_code\test_1_20\x64\Debug\test_1_20.exe : fatal error LNK1169: 找到一个或多个多重定义的符号
