test.obj : error LNK2019: 无法解析的外部符号 _sleep，函数 _main 中引用了该符号
C:\code\C_code\数据结构\Debug\test_4_14.exe : fatal error LNK1120: 1 个无法解析的外部命令
